<?xml version="1.0" encoding="UTF-8"?>
<!-- Generated by org.testng.reporters.JUnitReportReporter -->
<testsuite skipped="0" hostname="DESKTOP-IN4QA9D" name="Parametrization.NoParameterWithTestNGXML" tests="1" failures="0" timestamp="27 Jan 2018 07:28:49 GMT" time="12.860" errors="0">
  <testcase name="testNoParameter" time="12.860" classname="Parametrization.NoParameterWithTestNGXML"/>
</testsuite> <!-- Parametrization.NoParameterWithTestNGXML -->
