<?xml version="1.0" encoding="UTF-8"?>
<!-- Generated by org.testng.reporters.JUnitReportReporter -->
<testsuite skipped="0" hostname="DESKTOP-IN4QA9D" name="Parametrization.ParameterWithTestNGXML" tests="1" failures="0" timestamp="27 Jan 2018 17:12:59 GMT" time="13.069" errors="0">
  <testcase name="testParameterWithXML" time="13.069" classname="Parametrization.ParameterWithTestNGXML"/>
</testsuite> <!-- Parametrization.ParameterWithTestNGXML -->
