<?xml version="1.0" encoding="UTF-8"?>
<!-- Generated by org.testng.reporters.JUnitReportReporter -->
<testsuite skipped="0" hostname="DESKTOP-IN4QA9D" name="CrossBroserTesting.CrossBroserScripts" tests="2" failures="0" timestamp="18 Feb 2018 17:26:51 GMT" time="71.363" errors="0">
  <testcase name="testParameterWithXML" time="67.490" classname="CrossBroserTesting.CrossBroserScripts"/>
  <testcase name="testParameterWithXML" time="3.873" classname="CrossBroserTesting.CrossBroserScripts"/>
</testsuite> <!-- CrossBroserTesting.CrossBroserScripts -->
