<?xml version="1.0" encoding="UTF-8"?>
<!-- Generated by org.testng.reporters.JUnitReportReporter -->
<testsuite skipped="0" hostname="DESKTOP-IN4QA9D" name="TakeScreenShots.facebookscreenshot" tests="1" failures="0" timestamp="04 Mar 2018 12:01:13 GMT" time="16.235" errors="0">
  <testcase name="FacebookScreenshot" time="16.235" classname="TakeScreenShots.facebookscreenshot"/>
</testsuite> <!-- TakeScreenShots.facebookscreenshot -->
