<?xml version="1.0" encoding="UTF-8"?>
<!-- Generated by org.testng.reporters.JUnitReportReporter -->
<testsuite skipped="0" hostname="DESKTOP-IN4QA9D" name="Parametrization.ParameterByDataprovider" tests="3" failures="0" timestamp="27 Jan 2018 17:26:20 GMT" time="9.321" errors="0">
  <testcase name="testMethod" time="3.099" classname="Parametrization.ParameterByDataprovider"/>
  <testcase name="testMethod" time="3.096" classname="Parametrization.ParameterByDataprovider"/>
  <testcase name="testMethod" time="3.126" classname="Parametrization.ParameterByDataprovider"/>
</testsuite> <!-- Parametrization.ParameterByDataprovider -->
