<?xml version="1.0" encoding="UTF-8"?>
<!-- Generated by org.testng.reporters.JUnitReportReporter -->
<testsuite skipped="0" hostname="DESKTOP-IN4QA9D" name="TakeScreenShots.GoogleTest" tests="1" failures="0" timestamp="04 Mar 2018 12:13:51 GMT" time="13.802" errors="0">
  <testcase name="GoogleScreenShots" time="13.802" classname="TakeScreenShots.GoogleTest"/>
</testsuite> <!-- TakeScreenShots.GoogleTest -->
